<?xml version="1.0" encoding="UTF-8"?>
<!-- Generated by org.testng.reporters.JUnitReportReporter -->
<testsuite hostname="RANJITH" failures="0" tests="1" name="testRepo.CreateLead" time="28.387" errors="0" timestamp="2023-11-20T18:36:57 IST" skipped="0">
  <testcase classname="testRepo.CreateLead" name="createLead" time="28.387"/>
</testsuite> <!-- testRepo.CreateLead -->
