<?xml version="1.0" encoding="UTF-8"?>
<!-- Generated by org.testng.reporters.JUnitReportReporter -->
<testsuite hostname="RANJITH" failures="0" tests="1" name="testRepo.CreateContact" time="31.080" errors="0" timestamp="2023-11-20T18:40:22 IST" skipped="0">
  <testcase classname="testRepo.CreateContact" name="createContact" time="31.080"/>
</testsuite> <!-- testRepo.CreateContact -->
