<?xml version="1.0" encoding="UTF-8"?>
<!-- Generated by org.testng.reporters.JUnitReportReporter -->
<testsuite hostname="RANJITH" failures="0" tests="1" name="testRepo.CreateProduct" time="30.515" errors="0" timestamp="2023-11-20T18:36:57 IST" skipped="0">
  <testcase classname="testRepo.CreateProduct" name="createProduct" time="30.515"/>
</testsuite> <!-- testRepo.CreateProduct -->
